# JRE version: Java(TM) SE Runtime Environment (8.0_40-b25) (build 1.8.0_40-b25)
# Java VM: Java HotSpot(TM) 64-Bit Server VM (25.40-b25 mixed mode windows-amd64 compressed oops)
Heap:
 PSYoungGen      total 76288K, used 51372K [0x000000076af00000, 0x0000000770400000, 0x00000007c0000000)
  eden space 65536K, 67% used [0x000000076af00000,0x000000076d9efc20,0x000000076ef00000)
  from space 10752K, 68% used [0x000000076f980000,0x00000007700bb4d8,0x0000000770400000)
  to   space 10752K, 0% used [0x000000076ef00000,0x000000076ef00000,0x000000076f980000)
 ParOldGen       total 175104K, used 32K [0x00000006c0c00000, 0x00000006cb700000, 0x000000076af00000)
  object space 175104K, 0% used [0x00000006c0c00000,0x00000006c0c08000,0x00000006cb700000)
 Metaspace       used 13708K, capacity 13936K, committed 14080K, reserved 1060864K
  class space    used 1622K, capacity 1720K, committed 1792K, reserved 1048576K
GC Heap History (4 events):
Event: 1.599 GC heap before
{Heap before GC invocations=1 (full 0):
 PSYoungGen      total 76288K, used 65536K [0x000000076af00000, 0x0000000770400000, 0x00000007c0000000)
  eden space 65536K, 100% used [0x000000076af00000,0x000000076ef00000,0x000000076ef00000)
  from space 10752K, 0% used [0x000000076f980000,0x000000076f980000,0x0000000770400000)
  to   space 10752K, 0% used [0x000000076ef00000,0x000000076ef00000,0x000000076f980000)
 ParOldGen       total 175104K, used 0K [0x00000006c0c00000, 0x00000006cb700000, 0x000000076af00000)
  object space 175104K, 0% used [0x00000006c0c00000,0x00000006c0c00000,0x00000006cb700000)
 Metaspace       used 12125K, capacity 12314K, committed 12672K, reserved 1060864K
  class space    used 1489K, capacity 1547K, committed 1664K, reserved 1048576K
Event: 1.609 GC heap after
Heap after GC invocations=1 (full 0):
 PSYoungGen      total 76288K, used 10014K [0x000000076af00000, 0x0000000770400000, 0x00000007c0000000)
  eden space 65536K, 0% used [0x000000076af00000,0x000000076af00000,0x000000076ef00000)
  from space 10752K, 93% used [0x000000076ef00000,0x000000076f8c7900,0x000000076f980000)
  to   space 10752K, 0% used [0x000000076f980000,0x000000076f980000,0x0000000770400000)
 ParOldGen       total 175104K, used 16K [0x00000006c0c00000, 0x00000006cb700000, 0x000000076af00000)
  object space 175104K, 0% used [0x00000006c0c00000,0x00000006c0c04000,0x00000006cb700000)
 Metaspace       used 12125K, capacity 12314K, committed 12672K, reserved 1060864K
  class space    used 1489K, capacity 1547K, committed 1664K, reserved 1048576K
}
Event: 2.477 GC heap before
{Heap before GC invocations=2 (full 0):
 PSYoungGen      total 76288K, used 75550K [0x000000076af00000, 0x0000000770400000, 0x00000007c0000000)
  eden space 65536K, 100% used [0x000000076af00000,0x000000076ef00000,0x000000076ef00000)
  from space 10752K, 93% used [0x000000076ef00000,0x000000076f8c7900,0x000000076f980000)
  to   space 10752K, 0% used [0x000000076f980000,0x000000076f980000,0x0000000770400000)
 ParOldGen       total 175104K, used 16K [0x00000006c0c00000, 0x00000006cb700000, 0x000000076af00000)
  object space 175104K, 0% used [0x00000006c0c00000,0x00000006c0c04000,0x00000006cb700000)
 Metaspace       used 12882K, capacity 13074K, committed 13440K, reserved 1060864K
  class space    used 1528K, capacity 1583K, committed 1664K, reserved 1048576K
Event: 2.485 GC heap after
Heap after GC invocations=2 (full 0):
 PSYoungGen      total 76288K, used 7405K [0x000000076af00000, 0x0000000770400000, 0x00000007c0000000)
  eden space 65536K, 0% used [0x000000076af00000,0x000000076af00000,0x000000076ef00000)
  from space 10752K, 68% used [0x000000076f980000,0x00000007700bb4d8,0x0000000770400000)
  to   space 10752K, 0% used [0x000000076ef00000,0x000000076ef00000,0x000000076f980000)
 ParOldGen       total 175104K, used 32K [0x00000006c0c00000, 0x00000006cb700000, 0x000000076af00000)
  object space 175104K, 0% used [0x00000006c0c00000,0x00000006c0c08000,0x00000006cb700000)
 Metaspace       used 12882K, capacity 13074K, committed 13440K, reserved 1060864K
  class space    used 1528K, capacity 1583K, committed 1664K, reserved 1048576K
}

